# JRE version: OpenJDK Runtime Environment (8.0_112-b06) (build 1.8.0_112-release-b06)
# Java VM: OpenJDK 64-Bit Server VM (25.112-b06 mixed mode windows-amd64 compressed oops)
Heap:
 PSYoungGen      total 99328K, used 52284K [0x00000000e0000000, 0x00000000e6c80000, 0x0000000100000000)
  eden space 91648K, 50% used [0x00000000e0000000,0x00000000e2d4c700,0x00000000e5980000)
  from space 7680K, 76% used [0x00000000e6500000,0x00000000e6ac2a50,0x00000000e6c80000)
  to   space 9728K, 0% used [0x00000000e5980000,0x00000000e5980000,0x00000000e6300000)
 ParOldGen       total 36864K, used 9213K [0x00000000a0000000, 0x00000000a2400000, 0x00000000e0000000)
  object space 36864K, 24% used [0x00000000a0000000,0x00000000a08ff6e0,0x00000000a2400000)
 Metaspace       used 33807K, capacity 34322K, committed 34688K, reserved 1079296K
  class space    used 4529K, capacity 4685K, committed 4736K, reserved 1048576K
GC Heap History (10 events):
Event: 3.343 GC heap before
{Heap before GC invocations=5 (full 0):
 PSYoungGen      total 34304K, used 34288K [0x00000000e0000000, 0x00000000e2400000, 0x0000000100000000)
  eden space 31744K, 100% used [0x00000000e0000000,0x00000000e1f00000,0x00000000e1f00000)
  from space 2560K, 99% used [0x00000000e2180000,0x00000000e23fc030,0x00000000e2400000)
  to   space 2560K, 0% used [0x00000000e1f00000,0x00000000e1f00000,0x00000000e2180000)
 ParOldGen       total 42496K, used 3826K [0x00000000a0000000, 0x00000000a2980000, 0x00000000e0000000)
  object space 42496K, 9% used [0x00000000a0000000,0x00000000a03bcb10,0x00000000a2980000)
 Metaspace       used 16275K, capacity 16620K, committed 16768K, reserved 1062912K
  class space    used 2264K, capacity 2353K, committed 2432K, reserved 1048576K
Event: 3.358 GC heap after
Heap after GC invocations=5 (full 0):
 PSYoungGen      total 34304K, used 2544K [0x00000000e0000000, 0x00000000e4c00000, 0x0000000100000000)
  eden space 31744K, 0% used [0x00000000e0000000,0x00000000e0000000,0x00000000e1f00000)
  from space 2560K, 99% used [0x00000000e1f00000,0x00000000e217c010,0x00000000e2180000)
  to   space 7168K, 0% used [0x00000000e4500000,0x00000000e4500000,0x00000000e4c00000)
 ParOldGen       total 42496K, used 7962K [0x00000000a0000000, 0x00000000a2980000, 0x00000000e0000000)
  object space 42496K, 18% used [0x00000000a0000000,0x00000000a07c69a8,0x00000000a2980000)
 Metaspace       used 16275K, capacity 16620K, committed 16768K, reserved 1062912K
  class space    used 2264K, capacity 2353K, committed 2432K, reserved 1048576K
}
Event: 4.882 GC heap before
{Heap before GC invocations=6 (full 0):
 PSYoungGen      total 34304K, used 25588K [0x00000000e0000000, 0x00000000e4c00000, 0x0000000100000000)
  eden space 31744K, 72% used [0x00000000e0000000,0x00000000e1681380,0x00000000e1f00000)
  from space 2560K, 99% used [0x00000000e1f00000,0x00000000e217c010,0x00000000e2180000)
  to   space 7168K, 0% used [0x00000000e4500000,0x00000000e4500000,0x00000000e4c00000)
 ParOldGen       total 42496K, used 7962K [0x00000000a0000000, 0x00000000a2980000, 0x00000000e0000000)
  object space 42496K, 18% used [0x00000000a0000000,0x00000000a07c69a8,0x00000000a2980000)
 Metaspace       used 20786K, capacity 21112K, committed 21296K, reserved 1067008K
  class space    used 2754K, capacity 2869K, committed 2944K, reserved 1048576K
Event: 4.904 GC heap after
Heap after GC invocations=6 (full 0):
 PSYoungGen      total 69120K, used 7157K [0x00000000e0000000, 0x00000000e4f00000, 0x0000000100000000)
  eden space 61952K, 0% used [0x00000000e0000000,0x00000000e0000000,0x00000000e3c80000)
  from space 7168K, 99% used [0x00000000e4500000,0x00000000e4bfd520,0x00000000e4c00000)
  to   space 8704K, 0% used [0x00000000e3c80000,0x00000000e3c80000,0x00000000e4500000)
 ParOldGen       total 42496K, used 8365K [0x00000000a0000000, 0x00000000a2980000, 0x00000000e0000000)
  object space 42496K, 19% used [0x00000000a0000000,0x00000000a082b6d8,0x00000000a2980000)
 Metaspace       used 20786K, capacity 21112K, committed 21296K, reserved 1067008K
  class space    used 2754K, capacity 2869K, committed 2944K, reserved 1048576K
}
Event: 4.904 GC heap before
{Heap before GC invocations=7 (full 1):
 PSYoungGen      total 69120K, used 7157K [0x00000000e0000000, 0x00000000e4f00000, 0x0000000100000000)
  eden space 61952K, 0% used [0x00000000e0000000,0x00000000e0000000,0x00000000e3c80000)
  from space 7168K, 99% used [0x00000000e4500000,0x00000000e4bfd520,0x00000000e4c00000)
  to   space 8704K, 0% used [0x00000000e3c80000,0x00000000e3c80000,0x00000000e4500000)
 ParOldGen       total 42496K, used 8365K [0x00000000a0000000, 0x00000000a2980000, 0x00000000e0000000)
  object space 42496K, 19% used [0x00000000a0000000,0x00000000a082b6d8,0x00000000a2980000)
 Metaspace       used 20786K, capacity 21112K, committed 21296K, reserved 1067008K
  class space    used 2754K, capacity 2869K, committed 2944K, reserved 1048576K
Event: 4.957 GC heap after
Heap after GC invocations=7 (full 1):
 PSYoungGen      total 69120K, used 0K [0x00000000e0000000, 0x00000000e4f00000, 0x0000000100000000)
  eden space 61952K, 0% used [0x00000000e0000000,0x00000000e0000000,0x00000000e3c80000)
  from space 7168K, 0% used [0x00000000e4500000,0x00000000e4500000,0x00000000e4c00000)
  to   space 8704K, 0% used [0x00000000e3c80000,0x00000000e3c80000,0x00000000e4500000)
 ParOldGen       total 36864K, used 9197K [0x00000000a0000000, 0x00000000a2400000, 0x00000000e0000000)
  object space 36864K, 24% used [0x00000000a0000000,0x00000000a08fb6e0,0x00000000a2400000)
 Metaspace       used 20786K, capacity 21112K, committed 21296K, reserved 1067008K
  class space    used 2754K, capacity 2869K, committed 2944K, reserved 1048576K
}
Event: 7.000 GC heap before
{Heap before GC invocations=8 (full 1):
 PSYoungGen      total 69120K, used 61952K [0x00000000e0000000, 0x00000000e4f00000, 0x0000000100000000)
  eden space 61952K, 100% used [0x00000000e0000000,0x00000000e3c80000,0x00000000e3c80000)
  from space 7168K, 0% used [0x00000000e4500000,0x00000000e4500000,0x00000000e4c00000)
  to   space 8704K, 0% used [0x00000000e3c80000,0x00000000e3c80000,0x00000000e4500000)
 ParOldGen       total 36864K, used 9197K [0x00000000a0000000, 0x00000000a2400000, 0x00000000e0000000)
  object space 36864K, 24% used [0x00000000a0000000,0x00000000a08fb6e0,0x00000000a2400000)
 Metaspace       used 25817K, capacity 26284K, committed 26496K, reserved 1073152K
  class space    used 3539K, capacity 3665K, committed 3712K, reserved 1048576K
Event: 7.011 GC heap after
Heap after GC invocations=8 (full 1):
 PSYoungGen      total 70656K, used 7657K [0x00000000e0000000, 0x00000000e6e80000, 0x0000000100000000)
  eden space 61952K, 0% used [0x00000000e0000000,0x00000000e0000000,0x00000000e3c80000)
  from space 8704K, 87% used [0x00000000e3c80000,0x00000000e43fa688,0x00000000e4500000)
  to   space 9728K, 0% used [0x00000000e6500000,0x00000000e6500000,0x00000000e6e80000)
 ParOldGen       total 36864K, used 9205K [0x00000000a0000000, 0x00000000a2400000, 0x00000000e0000000)
  object space 36864K, 24% used [0x00000000a0000000,0x00000000a08fd6e0,0x00000000a2400000)
 Metaspace       used 25817K, capacity 26284K, committed 26496K, reserved 1073152K
  class space    used 3539K, capacity 3665K, committed 3712K, reserved 1048576K
}
Event: 8.706 GC heap before
{Heap before GC invocations=9 (full 1):
 PSYoungGen      total 70656K, used 69609K [0x00000000e0000000, 0x00000000e6e80000, 0x0000000100000000)
  eden space 61952K, 100% used [0x00000000e0000000,0x00000000e3c80000,0x00000000e3c80000)
  from space 8704K, 87% used [0x00000000e3c80000,0x00000000e43fa688,0x00000000e4500000)
  to   space 9728K, 0% used [0x00000000e6500000,0x00000000e6500000,0x00000000e6e80000)
 ParOldGen       total 36864K, used 9205K [0x00000000a0000000, 0x00000000a2400000, 0x00000000e0000000)
  object space 36864K, 24% used [0x00000000a0000000,0x00000000a08fd6e0,0x00000000a2400000)
 Metaspace       used 28963K, capacity 29356K, committed 29696K, reserved 1075200K
  class space    used 3913K, capacity 4049K, committed 4096K, reserved 1048576K
Event: 8.717 GC heap after
Heap after GC invocations=9 (full 1):
 PSYoungGen      total 99328K, used 5898K [0x00000000e0000000, 0x00000000e6c80000, 0x0000000100000000)
  eden space 91648K, 0% used [0x00000000e0000000,0x00000000e0000000,0x00000000e5980000)
  from space 7680K, 76% used [0x00000000e6500000,0x00000000e6ac2a50,0x00000000e6c80000)
  to   space 9728K, 0% used [0x00000000e5980000,0x00000000e5980000,0x00000000e6300000)
 ParOldGen       total 36864K, used 9213K [0x00000000a0000000, 0x00000000a2400000, 0x00000000e0000000)
  object space 36864K, 24% used [0x00000000a0000000,0x00000000a08ff6e0,0x00000000a2400000)
 Metaspace       used 28963K, capacity 29356K, committed 29696K, reserved 1075200K
  class space    used 3913K, capacity 4049K, committed 4096K, reserved 1048576K
}

