# JRE version: OpenJDK Runtime Environment (8.0_112-b06) (build 1.8.0_112-release-b06)
# Java VM: OpenJDK 64-Bit Server VM (25.112-b06 mixed mode windows-amd64 compressed oops)
Heap:
 PSYoungGen      total 186880K, used 104150K [0x00000000e0000000, 0x00000000ee480000, 0x0000000100000000)
  eden space 161792K, 52% used [0x00000000e0000000,0x00000000e5354b30,0x00000000e9e00000)
  from space 25088K, 75% used [0x00000000e9e00000,0x00000000eb061028,0x00000000eb680000)
  to   space 26624K, 0% used [0x00000000eca80000,0x00000000eca80000,0x00000000ee480000)
 ParOldGen       total 107008K, used 44422K [0x00000000a0000000, 0x00000000a6880000, 0x00000000e0000000)
  object space 107008K, 41% used [0x00000000a0000000,0x00000000a2b61990,0x00000000a6880000)
 Metaspace       used 72449K, capacity 76766K, committed 77016K, reserved 1116160K
  class space    used 9640K, capacity 10380K, committed 10456K, reserved 1048576K
GC Heap History (10 events):
Event: 1052.229 GC heap before
{Heap before GC invocations=18 (full 3):
 PSYoungGen      total 171008K, used 170592K [0x00000000e0000000, 0x00000000ede00000, 0x0000000100000000)
  eden space 165888K, 100% used [0x00000000e0000000,0x00000000ea200000,0x00000000ea200000)
  from space 5120K, 91% used [0x00000000ed900000,0x00000000edd98060,0x00000000ede00000)
  to   space 23040K, 0% used [0x00000000eb100000,0x00000000eb100000,0x00000000ec780000)
 ParOldGen       total 107008K, used 44382K [0x00000000a0000000, 0x00000000a6880000, 0x00000000e0000000)
  object space 107008K, 41% used [0x00000000a0000000,0x00000000a2b57990,0x00000000a6880000)
 Metaspace       used 61741K, capacity 64482K, committed 64728K, reserved 1105920K
  class space    used 8262K, capacity 8795K, committed 8920K, reserved 1048576K
Event: 1052.512 GC heap after
Heap after GC invocations=18 (full 3):
 PSYoungGen      total 204288K, used 5590K [0x00000000e0000000, 0x00000000edf80000, 0x0000000100000000)
  eden space 181248K, 0% used [0x00000000e0000000,0x00000000e0000000,0x00000000eb100000)
  from space 23040K, 24% used [0x00000000eb100000,0x00000000eb675bb0,0x00000000ec780000)
  to   space 22528K, 0% used [0x00000000ec980000,0x00000000ec980000,0x00000000edf80000)
 ParOldGen       total 107008K, used 44390K [0x00000000a0000000, 0x00000000a6880000, 0x00000000e0000000)
  object space 107008K, 41% used [0x00000000a0000000,0x00000000a2b59990,0x00000000a6880000)
 Metaspace       used 61741K, capacity 64482K, committed 64728K, reserved 1105920K
  class space    used 8262K, capacity 8795K, committed 8920K, reserved 1048576K
}
Event: 1137.648 GC heap before
{Heap before GC invocations=19 (full 3):
 PSYoungGen      total 204288K, used 186838K [0x00000000e0000000, 0x00000000edf80000, 0x0000000100000000)
  eden space 181248K, 100% used [0x00000000e0000000,0x00000000eb100000,0x00000000eb100000)
  from space 23040K, 24% used [0x00000000eb100000,0x00000000eb675bb0,0x00000000ec780000)
  to   space 22528K, 0% used [0x00000000ec980000,0x00000000ec980000,0x00000000edf80000)
 ParOldGen       total 107008K, used 44390K [0x00000000a0000000, 0x00000000a6880000, 0x00000000e0000000)
  object space 107008K, 41% used [0x00000000a0000000,0x00000000a2b59990,0x00000000a6880000)
 Metaspace       used 63176K, capacity 66374K, committed 66520K, reserved 1105920K
  class space    used 8455K, capacity 9085K, committed 9176K, reserved 1048576K
Event: 1137.674 GC heap after
Heap after GC invocations=19 (full 3):
 PSYoungGen      total 187904K, used 12821K [0x00000000e0000000, 0x00000000ed680000, 0x0000000100000000)
  eden space 174592K, 0% used [0x00000000e0000000,0x00000000e0000000,0x00000000eaa80000)
  from space 13312K, 96% used [0x00000000ec980000,0x00000000ed605658,0x00000000ed680000)
  to   space 22528K, 0% used [0x00000000eaa80000,0x00000000eaa80000,0x00000000ec080000)
 ParOldGen       total 107008K, used 44398K [0x00000000a0000000, 0x00000000a6880000, 0x00000000e0000000)
  object space 107008K, 41% used [0x00000000a0000000,0x00000000a2b5b990,0x00000000a6880000)
 Metaspace       used 63176K, capacity 66374K, committed 66520K, reserved 1105920K
  class space    used 8455K, capacity 9085K, committed 9176K, reserved 1048576K
}
Event: 1156.853 GC heap before
{Heap before GC invocations=20 (full 3):
 PSYoungGen      total 187904K, used 187413K [0x00000000e0000000, 0x00000000ed680000, 0x0000000100000000)
  eden space 174592K, 100% used [0x00000000e0000000,0x00000000eaa80000,0x00000000eaa80000)
  from space 13312K, 96% used [0x00000000ec980000,0x00000000ed605658,0x00000000ed680000)
  to   space 22528K, 0% used [0x00000000eaa80000,0x00000000eaa80000,0x00000000ec080000)
 ParOldGen       total 107008K, used 44398K [0x00000000a0000000, 0x00000000a6880000, 0x00000000e0000000)
  object space 107008K, 41% used [0x00000000a0000000,0x00000000a2b5b990,0x00000000a6880000)
 Metaspace       used 64847K, capacity 68662K, committed 68824K, reserved 1107968K
  class space    used 8712K, capacity 9398K, committed 9432K, reserved 1048576K
Event: 1156.874 GC heap after
Heap after GC invocations=20 (full 3):
 PSYoungGen      total 182272K, used 14304K [0x00000000e0000000, 0x00000000ed100000, 0x0000000100000000)
  eden space 167936K, 0% used [0x00000000e0000000,0x00000000e0000000,0x00000000ea400000)
  from space 14336K, 99% used [0x00000000eaa80000,0x00000000eb878020,0x00000000eb880000)
  to   space 23040K, 0% used [0x00000000eba80000,0x00000000eba80000,0x00000000ed100000)
 ParOldGen       total 107008K, used 44406K [0x00000000a0000000, 0x00000000a6880000, 0x00000000e0000000)
  object space 107008K, 41% used [0x00000000a0000000,0x00000000a2b5d990,0x00000000a6880000)
 Metaspace       used 64847K, capacity 68662K, committed 68824K, reserved 1107968K
  class space    used 8712K, capacity 9398K, committed 9432K, reserved 1048576K
}
Event: 1178.876 GC heap before
{Heap before GC invocations=21 (full 3):
 PSYoungGen      total 182272K, used 182240K [0x00000000e0000000, 0x00000000ed100000, 0x0000000100000000)
  eden space 167936K, 100% used [0x00000000e0000000,0x00000000ea400000,0x00000000ea400000)
  from space 14336K, 99% used [0x00000000eaa80000,0x00000000eb878020,0x00000000eb880000)
  to   space 23040K, 0% used [0x00000000eba80000,0x00000000eba80000,0x00000000ed100000)
 ParOldGen       total 107008K, used 44406K [0x00000000a0000000, 0x00000000a6880000, 0x00000000e0000000)
  object space 107008K, 41% used [0x00000000a0000000,0x00000000a2b5d990,0x00000000a6880000)
 Metaspace       used 70716K, capacity 74858K, committed 74968K, reserved 1114112K
  class space    used 9431K, capacity 10178K, committed 10200K, reserved 1048576K
Event: 1178.917 GC heap after
Heap after GC invocations=21 (full 3):
 PSYoungGen      total 182784K, used 18476K [0x00000000e0000000, 0x00000000ecf00000, 0x0000000100000000)
  eden space 161792K, 0% used [0x00000000e0000000,0x00000000e0000000,0x00000000e9e00000)
  from space 20992K, 88% used [0x00000000eba80000,0x00000000ecc8b0b0,0x00000000ecf00000)
  to   space 25088K, 0% used [0x00000000e9e00000,0x00000000e9e00000,0x00000000eb680000)
 ParOldGen       total 107008K, used 44414K [0x00000000a0000000, 0x00000000a6880000, 0x00000000e0000000)
  object space 107008K, 41% used [0x00000000a0000000,0x00000000a2b5f990,0x00000000a6880000)
 Metaspace       used 70716K, capacity 74858K, committed 74968K, reserved 1114112K
  class space    used 9431K, capacity 10178K, committed 10200K, reserved 1048576K
}
Event: 1179.374 GC heap before
{Heap before GC invocations=22 (full 3):
 PSYoungGen      total 182784K, used 179743K [0x00000000e0000000, 0x00000000ecf00000, 0x0000000100000000)
  eden space 161792K, 99% used [0x00000000e0000000,0x00000000e9d7cb98,0x00000000e9e00000)
  from space 20992K, 88% used [0x00000000eba80000,0x00000000ecc8b0b0,0x00000000ecf00000)
  to   space 25088K, 0% used [0x00000000e9e00000,0x00000000e9e00000,0x00000000eb680000)
 ParOldGen       total 107008K, used 44414K [0x00000000a0000000, 0x00000000a6880000, 0x00000000e0000000)
  object space 107008K, 41% used [0x00000000a0000000,0x00000000a2b5f990,0x00000000a6880000)
 Metaspace       used 71353K, capacity 75554K, committed 75608K, reserved 1114112K
  class space    used 9525K, capacity 10286K, committed 10328K, reserved 1048576K
Event: 1179.397 GC heap after
Heap after GC invocations=22 (full 3):
 PSYoungGen      total 186880K, used 18820K [0x00000000e0000000, 0x00000000ee480000, 0x0000000100000000)
  eden space 161792K, 0% used [0x00000000e0000000,0x00000000e0000000,0x00000000e9e00000)
  from space 25088K, 75% used [0x00000000e9e00000,0x00000000eb061028,0x00000000eb680000)
  to   space 26624K, 0% used [0x00000000eca80000,0x00000000eca80000,0x00000000ee480000)
 ParOldGen       total 107008K, used 44422K [0x00000000a0000000, 0x00000000a6880000, 0x00000000e0000000)
  object space 107008K, 41% used [0x00000000a0000000,0x00000000a2b61990,0x00000000a6880000)
 Metaspace       used 71353K, capacity 75554K, committed 75608K, reserved 1114112K
  class space    used 9525K, capacity 10286K, committed 10328K, reserved 1048576K
}

